# JRE version: OpenJDK Runtime Environment (8.0_212-b04) (build 1.8.0_212-release-1586-b04)
# Java VM: OpenJDK 64-Bit Server VM (25.212-b04 mixed mode windows-amd64 compressed oops)
Heap:
 PSYoungGen      total 188928K, used 48103K [0x00000000e0000000, 0x00000000f0000000, 0x0000000100000000)
  eden space 152064K, 31% used [0x00000000e0000000,0x00000000e2ef9cf0,0x00000000e9480000)
  from space 36864K, 0% used [0x00000000e9480000,0x00000000e9480000,0x00000000eb880000)
  to   space 45056K, 0% used [0x00000000ed400000,0x00000000ed400000,0x00000000f0000000)
 ParOldGen       total 221184K, used 60183K [0x00000000a0000000, 0x00000000ad800000, 0x00000000e0000000)
  object space 221184K, 27% used [0x00000000a0000000,0x00000000a3ac5ed8,0x00000000ad800000)
 Metaspace       used 93018K, capacity 96473K, committed 98984K, reserved 1134592K
  class space    used 12288K, capacity 12995K, committed 13568K, reserved 1048576K
GC Heap History (10 events):
Event: 36.062 GC heap before
{Heap before GC invocations=17 (full 3):
 PSYoungGen      total 161792K, used 153766K [0x00000000e0000000, 0x00000000eca00000, 0x0000000100000000)
  eden space 141824K, 100% used [0x00000000e0000000,0x00000000e8a80000,0x00000000e8a80000)
  from space 19968K, 59% used [0x00000000e8a80000,0x00000000e9629968,0x00000000e9e00000)
  to   space 19968K, 0% used [0x00000000eb680000,0x00000000eb680000,0x00000000eca00000)
 ParOldGen       total 146944K, used 31913K [0x00000000a0000000, 0x00000000a8f80000, 0x00000000e0000000)
  object space 146944K, 21% used [0x00000000a0000000,0x00000000a1f2a440,0x00000000a8f80000)
 Metaspace       used 71219K, capacity 74261K, committed 74368K, reserved 1114112K
  class space    used 9701K, capacity 10354K, committed 10368K, reserved 1048576K
Event: 36.118 GC heap after
Heap after GC invocations=17 (full 3):
 PSYoungGen      total 183808K, used 19960K [0x00000000e0000000, 0x00000000ecf80000, 0x0000000100000000)
  eden space 163840K, 0% used [0x00000000e0000000,0x00000000e0000000,0x00000000ea000000)
  from space 19968K, 99% used [0x00000000eb680000,0x00000000ec9fe0a8,0x00000000eca00000)
  to   space 23040K, 0% used [0x00000000ea000000,0x00000000ea000000,0x00000000eb680000)
 ParOldGen       total 146944K, used 32944K [0x00000000a0000000, 0x00000000a8f80000, 0x00000000e0000000)
  object space 146944K, 22% used [0x00000000a0000000,0x00000000a202c0b0,0x00000000a8f80000)
 Metaspace       used 71219K, capacity 74261K, committed 74368K, reserved 1114112K
  class space    used 9701K, capacity 10354K, committed 10368K, reserved 1048576K
}
Event: 4480.672 GC heap before
{Heap before GC invocations=18 (full 3):
 PSYoungGen      total 183808K, used 183800K [0x00000000e0000000, 0x00000000ecf80000, 0x0000000100000000)
  eden space 163840K, 100% used [0x00000000e0000000,0x00000000ea000000,0x00000000ea000000)
  from space 19968K, 99% used [0x00000000eb680000,0x00000000ec9fe0a8,0x00000000eca00000)
  to   space 23040K, 0% used [0x00000000ea000000,0x00000000ea000000,0x00000000eb680000)
 ParOldGen       total 146944K, used 32944K [0x00000000a0000000, 0x00000000a8f80000, 0x00000000e0000000)
  object space 146944K, 22% used [0x00000000a0000000,0x00000000a202c0b0,0x00000000a8f80000)
 Metaspace       used 76712K, capacity 80059K, committed 80384K, reserved 1118208K
  class space    used 10204K, capacity 10909K, committed 11008K, reserved 1048576K
Event: 4480.732 GC heap after
Heap after GC invocations=18 (full 3):
 PSYoungGen      total 182272K, used 23016K [0x00000000e0000000, 0x00000000ed580000, 0x0000000100000000)
  eden space 159232K, 0% used [0x00000000e0000000,0x00000000e0000000,0x00000000e9b80000)
  from space 23040K, 99% used [0x00000000ea000000,0x00000000eb67a050,0x00000000eb680000)
  to   space 29696K, 0% used [0x00000000eb880000,0x00000000eb880000,0x00000000ed580000)
 ParOldGen       total 146944K, used 42401K [0x00000000a0000000, 0x00000000a8f80000, 0x00000000e0000000)
  object space 146944K, 28% used [0x00000000a0000000,0x00000000a2968458,0x00000000a8f80000)
 Metaspace       used 76712K, capacity 80059K, committed 80384K, reserved 1118208K
  class space    used 10204K, capacity 10909K, committed 11008K, reserved 1048576K
}
Event: 4494.165 GC heap before
{Heap before GC invocations=19 (full 3):
 PSYoungGen      total 182272K, used 182248K [0x00000000e0000000, 0x00000000ed580000, 0x0000000100000000)
  eden space 159232K, 100% used [0x00000000e0000000,0x00000000e9b80000,0x00000000e9b80000)
  from space 23040K, 99% used [0x00000000ea000000,0x00000000eb67a050,0x00000000eb680000)
  to   space 29696K, 0% used [0x00000000eb880000,0x00000000eb880000,0x00000000ed580000)
 ParOldGen       total 146944K, used 42401K [0x00000000a0000000, 0x00000000a8f80000, 0x00000000e0000000)
  object space 146944K, 28% used [0x00000000a0000000,0x00000000a2968458,0x00000000a8f80000)
 Metaspace       used 86479K, capacity 90251K, committed 90368K, reserved 1128448K
  class space    used 11400K, capacity 12207K, committed 12288K, reserved 1048576K
Event: 4494.234 GC heap after
Heap after GC invocations=19 (full 3):
 PSYoungGen      total 181760K, used 29680K [0x00000000e0000000, 0x00000000edf00000, 0x0000000100000000)
  eden space 152064K, 0% used [0x00000000e0000000,0x00000000e0000000,0x00000000e9480000)
  from space 29696K, 99% used [0x00000000eb880000,0x00000000ed57c188,0x00000000ed580000)
  to   space 36864K, 0% used [0x00000000e9480000,0x00000000e9480000,0x00000000eb880000)
 ParOldGen       total 146944K, used 49500K [0x00000000a0000000, 0x00000000a8f80000, 0x00000000e0000000)
  object space 146944K, 33% used [0x00000000a0000000,0x00000000a3057268,0x00000000a8f80000)
 Metaspace       used 86479K, capacity 90251K, committed 90368K, reserved 1128448K
  class space    used 11400K, capacity 12207K, committed 12288K, reserved 1048576K
}
Event: 4497.758 GC heap before
{Heap before GC invocations=20 (full 3):
 PSYoungGen      total 181760K, used 157665K [0x00000000e0000000, 0x00000000edf00000, 0x0000000100000000)
  eden space 152064K, 84% used [0x00000000e0000000,0x00000000e7cfc5d0,0x00000000e9480000)
  from space 29696K, 99% used [0x00000000eb880000,0x00000000ed57c188,0x00000000ed580000)
  to   space 36864K, 0% used [0x00000000e9480000,0x00000000e9480000,0x00000000eb880000)
 ParOldGen       total 146944K, used 49500K [0x00000000a0000000, 0x00000000a8f80000, 0x00000000e0000000)
  object space 146944K, 33% used [0x00000000a0000000,0x00000000a3057268,0x00000000a8f80000)
 Metaspace       used 93733K, capacity 98421K, committed 98600K, reserved 1134592K
  class space    used 12504K, capacity 13424K, committed 13440K, reserved 1048576K
Event: 4497.869 GC heap after
Heap after GC invocations=20 (full 3):
 PSYoungGen      total 188928K, used 36853K [0x00000000e0000000, 0x00000000f0000000, 0x0000000100000000)
  eden space 152064K, 0% used [0x00000000e0000000,0x00000000e0000000,0x00000000e9480000)
  from space 36864K, 99% used [0x00000000e9480000,0x00000000eb87d5c0,0x00000000eb880000)
  to   space 45056K, 0% used [0x00000000ed400000,0x00000000ed400000,0x00000000f0000000)
 ParOldGen       total 146944K, used 57068K [0x00000000a0000000, 0x00000000a8f80000, 0x00000000e0000000)
  object space 146944K, 38% used [0x00000000a0000000,0x00000000a37bb2f8,0x00000000a8f80000)
 Metaspace       used 93733K, capacity 98421K, committed 98600K, reserved 1134592K
  class space    used 12504K, capacity 13424K, committed 13440K, reserved 1048576K
}
Event: 4497.869 GC heap before
{Heap before GC invocations=21 (full 4):
 PSYoungGen      total 188928K, used 36853K [0x00000000e0000000, 0x00000000f0000000, 0x0000000100000000)
  eden space 152064K, 0% used [0x00000000e0000000,0x00000000e0000000,0x00000000e9480000)
  from space 36864K, 99% used [0x00000000e9480000,0x00000000eb87d5c0,0x00000000eb880000)
  to   space 45056K, 0% used [0x00000000ed400000,0x00000000ed400000,0x00000000f0000000)
 ParOldGen       total 146944K, used 57068K [0x00000000a0000000, 0x00000000a8f80000, 0x00000000e0000000)
  object space 146944K, 38% used [0x00000000a0000000,0x00000000a37bb2f8,0x00000000a8f80000)
 Metaspace       used 93733K, capacity 98421K, committed 98600K, reserved 1134592K
  class space    used 12504K, capacity 13424K, committed 13440K, reserved 1048576K
Event: 4498.285 GC heap after
Heap after GC invocations=21 (full 4):
 PSYoungGen      total 188928K, used 0K [0x00000000e0000000, 0x00000000f0000000, 0x0000000100000000)
  eden space 152064K, 0% used [0x00000000e0000000,0x00000000e0000000,0x00000000e9480000)
  from space 36864K, 0% used [0x00000000e9480000,0x00000000e9480000,0x00000000eb880000)
  to   space 45056K, 0% used [0x00000000ed400000,0x00000000ed400000,0x00000000f0000000)
 ParOldGen       total 221184K, used 60183K [0x00000000a0000000, 0x00000000ad800000, 0x00000000e0000000)
  object space 221184K, 27% used [0x00000000a0000000,0x00000000a3ac5ed8,0x00000000ad800000)
 Metaspace       used 92491K, capacity 95979K, committed 98600K, reserved 1134592K
  class space    used 12228K, capacity 12930K, committed 13440K, reserved 1048576K
}

